<?xml version="1.0" encoding="UTF-8"?>
<!-- Generated by org.testng.reporters.JUnitReportReporter -->
<testsuite hostname="LAPTOP-9MV151UH" failures="0" tests="3" name="runner.TestRunner" time="47.925" errors="0" timestamp="2023-02-15T21:06:48 EST" skipped="0">
  <testcase classname="runner.TestRunner" name="runScenario" time="19.828"/>
  <system-out/>
  <testcase classname="runner.TestRunner" name="runScenario" time="4.994"/>
  <system-out/>
  <testcase classname="runner.TestRunner" name="runScenario" time="23.103"/>
  <system-out/>
</testsuite> <!-- runner.TestRunner -->
